

times in msec
 clock   self+sourced   self:  sourced script
 clock   elapsed:              other lines

000.004  000.004: --- NVIM STARTING ---
000.207  000.203: locale set
000.392  000.185: inits 1
000.398  000.006: window checked
000.400  000.002: parsing arguments
002.015  001.615: init lua interpreter
002.166  000.151: expanding arguments
002.181  000.015: inits 2
002.403  000.222: init highlight
002.404  000.001: waiting for UI
003.032  000.628: done waiting for UI
003.043  000.012: init screen for UI
003.059  000.016: init default mappings
003.081  000.022: init default autocommands
003.401  000.032  000.032: sourcing /usr/share/nvim/runtime/ftplugin.vim
003.455  000.014  000.014: sourcing /usr/share/nvim/runtime/indent.vim
010.462  001.213  001.213: sourcing /home/lionelstefan/.local/share/nvim/site/pack/packer/start/gruvbox-baby/colors/gruvbox-baby.vim
010.544  007.062  005.849: sourcing /home/lionelstefan/.config/nvim/init.lua
010.547  000.359: sourcing vimrc file(s)
010.599  000.017  000.017: sourcing /home/lionelstefan/.local/share/nvim/site/pack/packer/start/filetype.nvim/filetype.vim
010.642  000.012  000.012: sourcing /usr/share/nvim/runtime/filetype.lua
010.657  000.009  000.009: sourcing /usr/share/nvim/runtime/filetype.vim
010.773  000.047  000.047: sourcing /usr/share/nvim/runtime/syntax/synload.vim
010.816  000.131  000.084: sourcing /usr/share/nvim/runtime/syntax/syntax.vim
011.099  000.007  000.007: sourcing /usr/share/nvim/runtime/plugin/gzip.vim
011.108  000.004  000.004: sourcing /usr/share/nvim/runtime/plugin/health.vim
011.130  000.018  000.018: sourcing /usr/share/nvim/runtime/plugin/man.vim
011.140  000.006  000.006: sourcing /usr/share/nvim/runtime/plugin/matchit.vim
011.150  000.005  000.005: sourcing /usr/share/nvim/runtime/plugin/matchparen.vim
011.162  000.008  000.008: sourcing /usr/share/nvim/runtime/plugin/netrwPlugin.vim
011.233  000.004  000.004: sourcing /home/lionelstefan/.local/share/nvim/rplugin.vim
011.236  000.070  000.066: sourcing /usr/share/nvim/runtime/plugin/rplugin.vim
011.268  000.028  000.028: sourcing /usr/share/nvim/runtime/plugin/shada.vim
011.285  000.011  000.011: sourcing /usr/share/nvim/runtime/plugin/spellfile.vim
011.297  000.007  000.007: sourcing /usr/share/nvim/runtime/plugin/tarPlugin.vim
011.306  000.004  000.004: sourcing /usr/share/nvim/runtime/plugin/tohtml.vim
011.319  000.008  000.008: sourcing /usr/share/nvim/runtime/plugin/tutor.vim
011.330  000.007  000.007: sourcing /usr/share/nvim/runtime/plugin/zipPlugin.vim
011.529  000.176  000.176: sourcing /home/lionelstefan/.config/nvim/plugin/packer_compiled.lua
011.599  000.524: loading rtp plugins
013.927  002.237  002.237: sourcing /home/lionelstefan/.local/share/nvim/site/pack/packer/start/LuaSnip/plugin/luasnip.vim
014.226  000.144  000.144: sourcing /home/lionelstefan/.local/share/nvim/site/pack/packer/start/diffview.nvim/plugin/diffview.lua
015.041  000.657  000.657: sourcing /home/lionelstefan/.local/share/nvim/site/pack/packer/start/vim-illuminate/plugin/illuminate.vim
015.132  000.495: loading packages
016.637  001.386  001.386: sourcing /home/lionelstefan/.local/share/nvim/site/pack/packer/start/cmp-buffer/after/plugin/cmp_buffer.lua
016.768  000.074  000.074: sourcing /home/lionelstefan/.local/share/nvim/site/pack/packer/start/cmp-cmdline/after/plugin/cmp_cmdline.lua
016.870  000.074  000.074: sourcing /home/lionelstefan/.local/share/nvim/site/pack/packer/start/cmp-nvim-lsp/after/plugin/cmp_nvim_lsp.lua
016.942  000.047  000.047: sourcing /home/lionelstefan/.local/share/nvim/site/pack/packer/start/cmp-path/after/plugin/cmp_path.lua
017.418  000.451  000.451: sourcing /home/lionelstefan/.local/share/nvim/site/pack/packer/start/cmp_luasnip/after/plugin/cmp_luasnip.lua
017.433  000.268: loading after plugins
017.444  000.011: inits 3
019.186  001.742: reading ShaDa
019.589  000.403: opening buffers
020.374  000.751  000.751: sourcing /home/lionelstefan/.local/share/nvim/site/pack/packer/start/gruvbox-baby/colors/gruvbox-baby.vim
020.483  000.029  000.029: sourcing /usr/share/nvim/runtime/syntax/nosyntax.vim
020.586  000.049  000.049: sourcing /usr/share/nvim/runtime/syntax/synload.vim
020.625  000.190  000.113: sourcing /usr/share/nvim/runtime/syntax/syntax.vim
020.668  000.008  000.008: sourcing /home/lionelstefan/.local/share/nvim/site/pack/packer/start/filetype.nvim/filetype.vim
020.712  000.014  000.014: sourcing /usr/share/nvim/runtime/filetype.lua
020.723  000.005  000.005: sourcing /usr/share/nvim/runtime/filetype.vim
020.776  000.004  000.004: sourcing /usr/share/nvim/runtime/indent.vim
020.820  000.007  000.007: sourcing /home/lionelstefan/.local/share/nvim/site/pack/packer/start/filetype.nvim/filetype.vim
020.853  000.007  000.007: sourcing /usr/share/nvim/runtime/filetype.lua
020.863  000.004  000.004: sourcing /usr/share/nvim/runtime/filetype.vim
020.913  000.003  000.003: sourcing /usr/share/nvim/runtime/ftplugin.vim
020.951  000.003  000.003: sourcing /usr/share/nvim/runtime/indent.vim
020.965  000.381: BufEnter autocommands
020.966  000.001: editing files in windows
021.088  000.019  000.019: sourcing /home/lionelstefan/.local/share/nvim/site/pack/packer/opt/nvim-web-devicons/plugin/nvim-web-devicons.vim
026.777  005.792: VimEnter autocommands
026.780  000.003: UIEnter autocommands
699.143  672.315  672.315: sourcing /usr/share/nvim/runtime/autoload/provider/clipboard.vim
699.161  000.066: before starting main loop
700.510  001.349: first screen update
700.513  000.003: --- NVIM STARTED ---
